<?xml version="1.0" encoding="UTF-8" standalone="no"?>
<!DOCTYPE log SYSTEM "logger.dtd">
<log>
<record>
  <date>2024-01-31T07:46:01.621132294Z</date>
  <millis>1706687161621</millis>
  <nanos>132294</nanos>
  <sequence>0</sequence>
  <logger>DistributorRMI Logger</logger>
  <level>WARNING</level>
  <class>main.MainViewController$1</class>
  <method>handle</method>
  <thread>17</thread>
  <message>Error while disconecting distributor RMI.</message>
  <exception>
    <message>java.rmi.ConnectException: Connection refused to host: 127.0.1.1; nested exception is: 
	java.net.ConnectException: Connection refused</message>
    <frame>
      <class>sun.rmi.transport.tcp.TCPEndpoint</class>
      <method>newSocket</method>
      <line>626</line>
    </frame>
    <frame>
      <class>sun.rmi.transport.tcp.TCPChannel</class>
      <method>createConnection</method>
      <line>217</line>
    </frame>
    <frame>
      <class>sun.rmi.transport.tcp.TCPChannel</class>
      <method>newConnection</method>
      <line>204</line>
    </frame>
    <frame>
      <class>sun.rmi.server.UnicastRef</class>
      <method>invoke</method>
      <line>133</line>
    </frame>
    <frame>
      <class>java.rmi.server.RemoteObjectInvocationHandler</class>
      <method>invokeRemoteMethod</method>
      <line>215</line>
    </frame>
    <frame>
      <class>java.rmi.server.RemoteObjectInvocationHandler</class>
      <method>invoke</method>
      <line>160</line>
    </frame>
    <frame>
      <class>jdk.proxy3.$Proxy5</class>
      <method>disconnect</method>
    </frame>
    <frame>
      <class>main.MainViewController$1</class>
      <method>handle</method>
      <line>55</line>
    </frame>
    <frame>
      <class>main.MainViewController$1</class>
      <method>handle</method>
      <line>1</line>
    </frame>
    <frame>
      <class>com.sun.javafx.event.CompositeEventHandler</class>
      <method>dispatchBubblingEvent</method>
      <line>86</line>
    </frame>
    <frame>
      <class>com.sun.javafx.event.EventHandlerManager</class>
      <method>dispatchBubblingEvent</method>
      <line>232</line>
    </frame>
    <frame>
      <class>com.sun.javafx.event.EventHandlerManager</class>
      <method>dispatchBubblingEvent</method>
      <line>189</line>
    </frame>
    <frame>
      <class>com.sun.javafx.event.CompositeEventDispatcher</class>
      <method>dispatchBubblingEvent</method>
      <line>59</line>
    </frame>
    <frame>
      <class>com.sun.javafx.event.BasicEventDispatcher</class>
      <method>dispatchEvent</method>
      <line>58</line>
    </frame>
    <frame>
      <class>com.sun.javafx.event.EventDispatchChainImpl</class>
      <method>dispatchEvent</method>
      <line>114</line>
    </frame>
    <frame>
      <class>com.sun.javafx.event.EventUtil</class>
      <method>fireEventImpl</method>
      <line>74</line>
    </frame>
    <frame>
      <class>com.sun.javafx.event.EventUtil</class>
      <method>fireEvent</method>
      <line>54</line>
    </frame>
    <frame>
      <class>javafx.event.Event</class>
      <method>fireEvent</method>
      <line>198</line>
    </frame>
    <frame>
      <class>com.sun.javafx.stage.WindowPeerListener</class>
      <method>closing</method>
      <line>100</line>
    </frame>
    <frame>
      <class>com.sun.javafx.tk.quantum.GlassWindowEventHandler</class>
      <method>run</method>
      <line>147</line>
    </frame>
    <frame>
      <class>com.sun.javafx.tk.quantum.GlassWindowEventHandler</class>
      <method>run</method>
      <line>40</line>
    </frame>
    <frame>
      <class>java.security.AccessController</class>
      <method>doPrivileged</method>
      <line>399</line>
    </frame>
    <frame>
      <class>com.sun.javafx.tk.quantum.GlassWindowEventHandler</class>
      <method>lambda$handleWindowEvent$4</method>
      <line>178</line>
    </frame>
    <frame>
      <class>com.sun.javafx.tk.quantum.QuantumToolkit</class>
      <method>runWithoutRenderLock</method>
      <line>424</line>
    </frame>
    <frame>
      <class>com.sun.javafx.tk.quantum.GlassWindowEventHandler</class>
      <method>handleWindowEvent</method>
      <line>176</line>
    </frame>
    <frame>
      <class>com.sun.glass.ui.Window</class>
      <method>handleWindowEvent</method>
      <line>1259</line>
    </frame>
    <frame>
      <class>com.sun.glass.ui.Window</class>
      <method>notifyClose</method>
      <line>1164</line>
    </frame>
    <frame>
      <class>com.sun.glass.ui.gtk.GtkApplication</class>
      <method>_runLoop</method>
    </frame>
    <frame>
      <class>com.sun.glass.ui.gtk.GtkApplication</class>
      <method>lambda$runLoop$10</method>
      <line>263</line>
    </frame>
    <frame>
      <class>java.lang.Thread</class>
      <method>run</method>
      <line>840</line>
    </frame>
  </exception>
</record>
</log>
